<?xml version="1.0" encoding="UTF-8"?>
<testng-results skipped="0" failed="0" total="2" passed="2">
  <reporter-output>
  </reporter-output>
  <suite name="Default suite" duration-ms="636" started-at="2016-05-21T07:24:31Z" finished-at="2016-05-21T07:24:31Z">
    <groups>
      <group name="cucumber">
        <method signature="AbstractTestNGCucumberTests.feature(cucumber.api.testng.CucumberFeatureWrapper)[pri:0, instance:myPackage.shoppingTestRunner@6dea9b6e]" name="feature" class="cucumber.api.testng.AbstractTestNGCucumberTests"/>
      </group> <!-- cucumber -->
    </groups>
    <test name="Default test" duration-ms="636" started-at="2016-05-21T07:24:31Z" finished-at="2016-05-21T07:24:31Z">
      <class name="myPackage.shoppingTestRunner">
        <test-method status="PASS" signature="setUpClass()[pri:0, instance:myPackage.shoppingTestRunner@6dea9b6e]" name="setUpClass" is-config="true" duration-ms="285" started-at="2016-05-21T12:54:31Z" finished-at="2016-05-21T12:54:31Z">
          <reporter-output>
          </reporter-output>
        </test-method> <!-- setUpClass -->
        <test-method status="PASS" signature="feature(cucumber.api.testng.CucumberFeatureWrapper)[pri:0, instance:myPackage.shoppingTestRunner@6dea9b6e]" name="feature" duration-ms="165" started-at="2016-05-21T12:54:31Z" description="Runs Cucumber Feature" data-provider="features" finished-at="2016-05-21T12:54:31Z">
          <params>
            <param index="0">
              <value>
                <![CDATA[Login into account]]>
              </value>
            </param>
          </params>
          <reporter-output>
          </reporter-output>
        </test-method> <!-- feature -->
        <test-method status="PASS" signature="feature(cucumber.api.testng.CucumberFeatureWrapper)[pri:0, instance:myPackage.shoppingTestRunner@6dea9b6e]" name="feature" duration-ms="31" started-at="2016-05-21T12:54:31Z" description="Runs Cucumber Feature" data-provider="features" finished-at="2016-05-21T12:54:31Z">
          <params>
            <param index="0">
              <value>
                <![CDATA[Check my basket application]]>
              </value>
            </param>
          </params>
          <reporter-output>
          </reporter-output>
        </test-method> <!-- feature -->
        <test-method status="PASS" signature="tearDownClass()[pri:0, instance:myPackage.shoppingTestRunner@6dea9b6e]" name="tearDownClass" is-config="true" duration-ms="47" started-at="2016-05-21T12:54:31Z" finished-at="2016-05-21T12:54:31Z">
          <reporter-output>
          </reporter-output>
        </test-method> <!-- tearDownClass -->
      </class> <!-- myPackage.shoppingTestRunner -->
    </test> <!-- Default test -->
  </suite> <!-- Default suite -->
</testng-results>
